        -:    0:Source:/home/qasem/Documents/codingCPlusPlus/reversText/main.cpp
        -:    0:Graph:/home/qasem/Documents/codingCPlusPlus/reversText/cmake-build-debug-coverage/CMakeFiles/reversText.dir/main.cpp.gcno
        -:    0:Data:/home/qasem/Documents/codingCPlusPlus/reversText/cmake-build-debug-coverage/CMakeFiles/reversText.dir/main.cpp.gcda
        -:    0:Runs:1
        -:    1:#include <iostream>
        -:    2:
        -:    3:using namespace std;
        -:    4:
        -:    5://reverse string
function _Z13reverseStringPc called 0 returned 0% blocks executed 0%
    #####:    6:void reverseString(char *s) {
        -:    7:
    #####:    8:    if (*s) {
    %%%%%:    8-block  0
branch  0 never executed
branch  1 never executed
    #####:    9:        reverseString(s + 1);
    %%%%%:    9-block  0
call    0 never executed
    #####:   10:        putchar(*s);
call    0 never executed
        -:   11:    }
    #####:   12:}
        -:   13:
        -:   14://print normal
function _Z11normalPrintPc called 0 returned 0% blocks executed 0%
    #####:   15:void normalPrint(char *s) {
    #####:   16:    if (*s) {
    %%%%%:   16-block  0
branch  0 never executed
branch  1 never executed
    #####:   17:        putchar(*s);
    %%%%%:   17-block  0
call    0 never executed
    #####:   18:        normalPrint(s + 1);
call    0 never executed
        -:   19:    }
    #####:   20:}
        -:   21:// factorial
function _Z9factoriali called 5 returned 100% blocks executed 100%
        5:   22:int factorial(int n)
        -:   23:{
        5:   24:    if(n == 0 || n == 1) return 1;
        5:   24-block  0
branch  0 taken 5 (fallthrough)
branch  1 taken 0
        5:   24-block  1
branch  2 taken 1 (fallthrough)
branch  3 taken 4
        1:   24-block  2
        -:   25:
        4:   26:    return n * factorial(n-1);
        4:   26-block  0
call    0 returned 4
        -:   27:}
        -:   28:
        -:   29:
function main called 1 returned 100% blocks executed 100%
        1:   30:int main() {
        -:   31://    char *s = "Hello Qasem";
        -:   32://    reverseString(s);
        -:   33://    cout << "\n*******************************" << endl;
        -:   34://    normalPrint(s);
        -:   35:
        1:   36:   cout<<factorial(5);
        1:   36-block  0
call    0 returned 1
call    1 returned 1
        1:   37:    return 0;
        -:   38:}
